2022-12-08 22:10:45.166 [info] Validating found git in: git
2022-12-08 22:10:45.166 [info] Using git 2.31.1 from git
2022-12-08 22:10:45.166 [info] > git rev-parse --show-toplevel [39ms]
2022-12-08 22:10:45.167 [info] fatal: not a git repository (or any of the parent directories): .git
2022-12-08 22:10:45.167 [info] > git rev-parse --show-toplevel [448ms]
2022-12-08 22:10:45.167 [info] fatal: not a git repository (or any of the parent directories): .git
2022-12-08 22:10:45.167 [info] > git rev-parse --show-toplevel [58ms]
2022-12-08 22:10:45.167 [info] fatal: not a git repository (or any of the parent directories): .git
2022-12-08 22:10:45.167 [info] > git rev-parse --show-toplevel [31ms]
2022-12-08 22:10:45.167 [info] fatal: not a git repository (or any of the parent directories): .git
2022-12-08 22:10:45.167 [info] > git rev-parse --show-toplevel [26ms]
2022-12-08 22:10:45.167 [info] fatal: not a git repository (or any of the parent directories): .git
2022-12-08 22:10:45.167 [info] > git rev-parse --show-toplevel [238ms]
2022-12-08 22:10:45.167 [info] fatal: not a git repository (or any of the parent directories): .git
2022-12-08 22:10:45.167 [info] > git rev-parse --show-toplevel [22ms]
2022-12-08 22:10:45.167 [info] fatal: not a git repository (or any of the parent directories): .git
2022-12-08 22:10:45.167 [info] > git rev-parse --show-toplevel [618ms]
2022-12-08 22:10:45.167 [info] fatal: not a git repository (or any of the parent directories): .git
2022-12-08 22:10:45.167 [info] > git rev-parse --show-toplevel [313ms]
2022-12-08 22:10:45.167 [info] fatal: not a git repository (or any of the parent directories): .git
2022-12-08 22:10:45.167 [info] > git rev-parse --show-toplevel [33ms]
2022-12-08 22:10:45.167 [info] fatal: not a git repository (or any of the parent directories): .git
2022-12-08 22:10:45.167 [info] > git rev-parse --show-toplevel [149ms]
2022-12-08 22:10:45.167 [info] fatal: not a git repository (or any of the parent directories): .git
2022-12-08 22:10:45.167 [info] > git rev-parse --show-toplevel [365ms]
2022-12-08 22:10:45.167 [info] fatal: not a git repository (or any of the parent directories): .git
2022-12-08 22:10:45.167 [info] > git rev-parse --show-toplevel [14ms]
2022-12-08 22:10:45.167 [info] fatal: not a git repository (or any of the parent directories): .git
2022-12-08 22:10:45.167 [info] > git rev-parse --show-toplevel [19ms]
2022-12-08 22:10:45.167 [info] fatal: not a git repository (or any of the parent directories): .git
2022-12-08 22:10:45.167 [info] > git rev-parse --show-toplevel [7ms]
2022-12-08 22:10:45.167 [info] fatal: not a git repository (or any of the parent directories): .git
2022-12-08 22:10:45.167 [info] > git rev-parse --show-toplevel [9ms]
2022-12-08 22:10:45.168 [info] fatal: not a git repository (or any of the parent directories): .git
2022-12-08 22:10:45.168 [info] > git rev-parse --show-toplevel [31ms]
2022-12-08 22:10:45.168 [info] fatal: not a git repository (or any of the parent directories): .git
2022-12-08 22:10:45.168 [info] > git rev-parse --show-toplevel [102ms]
2022-12-08 22:10:45.168 [info] fatal: not a git repository (or any of the parent directories): .git
2022-12-08 22:27:57.637 [info] > git rev-parse --show-toplevel [8ms]
2022-12-08 22:27:57.637 [info] fatal: not a git repository (or any of the parent directories): .git
2022-12-08 22:27:57.770 [info] > git rev-parse --show-toplevel [6ms]
2022-12-08 22:27:57.770 [info] fatal: not a git repository (or any of the parent directories): .git
2022-12-08 22:28:09.548 [info] > git rev-parse --show-toplevel [4ms]
2022-12-08 22:28:09.548 [info] fatal: not a git repository (or any of the parent directories): .git
2022-12-08 22:47:24.069 [info] > git rev-parse --show-toplevel [6ms]
2022-12-08 22:47:24.084 [info] > git rev-parse --git-dir --git-common-dir [6ms]
2022-12-08 22:47:24.115 [info] Log level: Info
2022-12-08 22:47:24.115 [info] Open repository: /home/eselidze2
2022-12-08 22:47:24.159 [info] > git remote --verbose [29ms]
2022-12-08 22:47:24.160 [info] > git for-each-ref --sort -committerdate --format %(refname) %(objectname) %(*objectname) [36ms]
2022-12-08 22:47:24.163 [info] > git config --get commit.template [6ms]
2022-12-08 22:47:24.186 [info] > git for-each-ref --format=%(refname)%00%(upstream:short)%00%(objectname)%00%(upstream:track)%00%(upstream:remotename)%00%(upstream:remoteref) refs/heads/master refs/remotes/master [8ms]
2022-12-08 22:47:24.202 [info] > git status -z -uall [65ms]
2022-12-08 22:47:25.368 [info] > git status -z -uall [875ms]
2022-12-08 22:47:25.371 [info] > git remote --verbose [894ms]
2022-12-08 22:47:25.374 [info] > git for-each-ref --sort -committerdate --format %(refname) %(objectname) %(*objectname) [902ms]
2022-12-08 22:47:25.522 [info] > git config --get commit.template [77ms]
2022-12-08 22:47:25.689 [info] > git for-each-ref --format=%(refname)%00%(upstream:short)%00%(objectname)%00%(upstream:track)%00%(upstream:remotename)%00%(upstream:remoteref) refs/heads/master refs/remotes/master [14ms]
2022-12-08 22:47:27.595 [info] > git check-ignore -v -z --stdin [10ms]
2022-12-08 22:47:27.791 [info] > git show --textconv :kti-infrastructure/.gitignore [12ms]
2022-12-08 22:47:27.800 [info] > git ls-files --stage -- /home/eselidze2/kti-infrastructure/.gitignore [7ms]
2022-12-08 22:47:38.399 [info] > git remote --verbose [18ms]
2022-12-08 22:47:38.400 [info] > git for-each-ref --sort -committerdate --format %(refname) %(objectname) %(*objectname) [38ms]
2022-12-08 22:47:38.488 [info] > git status -z -uall [95ms]
2022-12-08 22:47:38.492 [info] > git config --get commit.template [75ms]
2022-12-08 22:47:38.495 [info] > git for-each-ref --format=%(refname)%00%(upstream:short)%00%(objectname)%00%(upstream:track)%00%(upstream:remotename)%00%(upstream:remoteref) refs/heads/master refs/remotes/master [29ms]
2022-12-08 22:47:43.704 [info] > git remote --verbose [23ms]
2022-12-08 22:47:43.705 [info] > git for-each-ref --sort -committerdate --format %(refname) %(objectname) %(*objectname) [31ms]
2022-12-08 22:47:43.725 [info] > git config --get commit.template [21ms]
2022-12-08 22:47:43.767 [info] > git status -z -uall [75ms]
2022-12-08 22:47:43.767 [info] > git for-each-ref --format=%(refname)%00%(upstream:short)%00%(objectname)%00%(upstream:track)%00%(upstream:remotename)%00%(upstream:remoteref) refs/heads/master refs/remotes/master [45ms]
2022-12-08 22:47:48.924 [info] > git remote --verbose [31ms]
2022-12-08 22:47:48.925 [info] > git for-each-ref --sort -committerdate --format %(refname) %(objectname) %(*objectname) [49ms]
2022-12-08 22:47:48.963 [info] > git config --get commit.template [41ms]
2022-12-08 22:47:48.974 [info] > git for-each-ref --format=%(refname)%00%(upstream:short)%00%(objectname)%00%(upstream:track)%00%(upstream:remotename)%00%(upstream:remoteref) refs/heads/master refs/remotes/master [13ms]
2022-12-08 22:47:48.994 [info] > git status -z -uall [89ms]
2022-12-08 22:47:56.271 [info] > git remote --verbose [94ms]
2022-12-08 22:47:56.274 [info] > git for-each-ref --sort -committerdate --format %(refname) %(objectname) %(*objectname) [121ms]
2022-12-08 22:47:56.414 [info] > git status -z -uall [207ms]
2022-12-08 22:47:56.416 [info] > git for-each-ref --format=%(refname)%00%(upstream:short)%00%(objectname)%00%(upstream:track)%00%(upstream:remotename)%00%(upstream:remoteref) refs/heads/master refs/remotes/master [65ms]
2022-12-08 22:47:56.418 [info] > git config --get commit.template [148ms]
2022-12-08 22:48:01.610 [info] > git remote --verbose [36ms]
2022-12-08 22:48:01.611 [info] > git for-each-ref --sort -committerdate --format %(refname) %(objectname) %(*objectname) [69ms]
2022-12-08 22:48:01.648 [info] > git config --get commit.template [38ms]
2022-12-08 22:48:01.656 [info] > git for-each-ref --format=%(refname)%00%(upstream:short)%00%(objectname)%00%(upstream:track)%00%(upstream:remotename)%00%(upstream:remoteref) refs/heads/master refs/remotes/master [13ms]
