*
* Visual Studio Code Server
*
* By using the software, you agree to
* the Visual Studio Code Server License Terms (https://aka.ms/vscode-server-license) and
* the Microsoft Privacy Statement (https://privacy.microsoft.com/en-US/privacystatement).
*
Server bound to 127.0.0.1:44919 (IPv4)
Extension host agent listening on 44919

[22:10:04] Extension host agent started.
[22:10:05] [127.0.0.1][90615cbb][ManagementConnection] New connection established.
[22:10:06] [127.0.0.1][c8e700dc][ExtensionHostConnection] New connection established.
[22:10:06] [127.0.0.1][c8e700dc][ExtensionHostConnection] <1583> Launched Extension Host Process.
[22:10:10] No ptyHost heartbeat after 6 seconds
[IPC Library: Pty Host]  WARN Shell integration cannot be enabled for executable "/bin/sh" and args [
  '-c',
  'ln -f -s "/tmp/ssh-XXXXyL5iul/agent.1353" "/run/user/1000/vscode-ssh-auth-sock-551108661"\n' +
    'exit 0'
]
[IPC Library: Pty Host]  WARN Shell integration cannot be enabled for executable "/bin/sh" and args [
  '-c',
  'wget --version > /dev/null\n' +
    'if [ $? -eq 0 ]\n' +
    'then\n' +
    "\twget --connect-timeout=7 --tries=1 --dns-timeout=7 -q --header='Metadata:true' -O - http://169.254.169.254/metadata/instance?api-version=2019-03-11\n" +
    'else\n' +
    '\tcurl --version > /dev/null\n' +
    '\tif [ $? -eq 0 ]\n' +
    '\tthen\n' +
    "\t\tcurl --connect-timeout 7 -s --header='Metadata:true' http://169.254.169.254/metadata/instance?api-version=2019-03-11\n" +
    '\tfi\n' +
    'fi\n' +
    'exit 0'
]
[IPC Library: Pty Host]  WARN Shell integration cannot be enabled for executable "/bin/sh" and args [
  '-c',
  'wget --version > /dev/null\n' +
    'if [ $? -eq 0 ]\n' +
    'then\n' +
    '\twget --connect-timeout=7 --tries=1 --dns-timeout=7 -q  -O - http://169.254.169.254/latest/meta-data/instance-id\n' +
    'else\n' +
    '\tcurl --version > /dev/null\n' +
    '\tif [ $? -eq 0 ]\n' +
    '\tthen\n' +
    '\t\tcurl --connect-timeout 7 -s  http://169.254.169.254/latest/meta-data/instance-id\n' +
    '\tfi\n' +
    'fi\n' +
    'exit 0'
]
[IPC Library: Pty Host]  WARN Shell integration cannot be enabled for executable "/bin/sh" and args [
  '-c',
  'wget --version > /dev/null\n' +
    'if [ $? -eq 0 ]\n' +
    'then\n' +
    '\twget --connect-timeout=7 --tries=1 --dns-timeout=7 -q  -O - http://169.254.169.254/metadata/v1/id\n' +
    'else\n' +
    '\tcurl --version > /dev/null\n' +
    '\tif [ $? -eq 0 ]\n' +
    '\tthen\n' +
    '\t\tcurl --connect-timeout 7 -s  http://169.254.169.254/metadata/v1/id\n' +
    '\tfi\n' +
    'fi\n' +
    'exit 0'
]
[IPC Library: Pty Host]  WARN Shell integration cannot be enabled for executable "/bin/sh" and args [
  '-c',
  'wget --version > /dev/null\n' +
    'if [ $? -eq 0 ]\n' +
    'then\n' +
    "\twget --connect-timeout=7 --tries=1 --dns-timeout=7 -q --header='Metadata-Flavor:Google' -O - http://metadata.google.internal/computeMetadata/v1/instance/id\n" +
    'else\n' +
    '\tcurl --version > /dev/null\n' +
    '\tif [ $? -eq 0 ]\n' +
    '\tthen\n' +
    "\t\tcurl --connect-timeout 7 -s --header='Metadata-Flavor:Google' http://metadata.google.internal/computeMetadata/v1/instance/id\n" +
    '\tfi\n' +
    'fi\n' +
    'exit 0'
]
rejected promise not handled within 1 second: CodeExpectedError: Could not find pty on pty host
stack trace: CodeExpectedError: Could not find pty on pty host
    at d._throwIfNoPty (/home/eselidze2/.vscode-server/bin/6261075646f055b99068d3688932416f2346dd3b/out/vs/platform/terminal/node/ptyHostMain.js:27:7199)
    at d.updateIcon (/home/eselidze2/.vscode-server/bin/6261075646f055b99068d3688932416f2346dd3b/out/vs/platform/terminal/node/ptyHostMain.js:27:2993)
    at Object.call (/home/eselidze2/.vscode-server/bin/6261075646f055b99068d3688932416f2346dd3b/out/vs/platform/terminal/node/ptyHostMain.js:17:5858)
    at s.onPromise (/home/eselidze2/.vscode-server/bin/6261075646f055b99068d3688932416f2346dd3b/out/vs/platform/terminal/node/ptyHostMain.js:15:5833)
    at s.onRawMessage (/home/eselidze2/.vscode-server/bin/6261075646f055b99068d3688932416f2346dd3b/out/vs/platform/terminal/node/ptyHostMain.js:15:5216)
    at /home/eselidze2/.vscode-server/bin/6261075646f055b99068d3688932416f2346dd3b/out/vs/platform/terminal/node/ptyHostMain.js:15:4502
    at r.invoke (/home/eselidze2/.vscode-server/bin/6261075646f055b99068d3688932416f2346dd3b/out/vs/platform/terminal/node/ptyHostMain.js:11:145)
    at P.deliver (/home/eselidze2/.vscode-server/bin/6261075646f055b99068d3688932416f2346dd3b/out/vs/platform/terminal/node/ptyHostMain.js:11:2275)
    at w.fire (/home/eselidze2/.vscode-server/bin/6261075646f055b99068d3688932416f2346dd3b/out/vs/platform/terminal/node/ptyHostMain.js:11:1853)
    at process.M (/home/eselidze2/.vscode-server/bin/6261075646f055b99068d3688932416f2346dd3b/out/vs/platform/terminal/node/ptyHostMain.js:9:21066)
    at process.emit (node:events:526:28)
    at emit (node:internal/child_process:938:14)
    at processTicksAndRejections (node:internal/process/task_queues:84:21)
[22:10:32] Error [CodeExpectedError]: Could not find pty on pty host
    at d._throwIfNoPty (/home/eselidze2/.vscode-server/bin/6261075646f055b99068d3688932416f2346dd3b/out/vs/platform/terminal/node/ptyHostMain.js:27:7199)
    at d.updateIcon (/home/eselidze2/.vscode-server/bin/6261075646f055b99068d3688932416f2346dd3b/out/vs/platform/terminal/node/ptyHostMain.js:27:2993)
    at Object.call (/home/eselidze2/.vscode-server/bin/6261075646f055b99068d3688932416f2346dd3b/out/vs/platform/terminal/node/ptyHostMain.js:17:5858)
    at s.onPromise (/home/eselidze2/.vscode-server/bin/6261075646f055b99068d3688932416f2346dd3b/out/vs/platform/terminal/node/ptyHostMain.js:15:5833)
    at s.onRawMessage (/home/eselidze2/.vscode-server/bin/6261075646f055b99068d3688932416f2346dd3b/out/vs/platform/terminal/node/ptyHostMain.js:15:5216)
    at /home/eselidze2/.vscode-server/bin/6261075646f055b99068d3688932416f2346dd3b/out/vs/platform/terminal/node/ptyHostMain.js:15:4502
    at r.invoke (/home/eselidze2/.vscode-server/bin/6261075646f055b99068d3688932416f2346dd3b/out/vs/platform/terminal/node/ptyHostMain.js:11:145)
    at P.deliver (/home/eselidze2/.vscode-server/bin/6261075646f055b99068d3688932416f2346dd3b/out/vs/platform/terminal/node/ptyHostMain.js:11:2275)
    at w.fire (/home/eselidze2/.vscode-server/bin/6261075646f055b99068d3688932416f2346dd3b/out/vs/platform/terminal/node/ptyHostMain.js:11:1853)
    at process.M (/home/eselidze2/.vscode-server/bin/6261075646f055b99068d3688932416f2346dd3b/out/vs/platform/terminal/node/ptyHostMain.js:9:21066)
    at process.emit (node:events:526:28)
    at emit (node:internal/child_process:938:14)
    at processTicksAndRejections (node:internal/process/task_queues:84:21)
rejected promise not handled within 1 second: CodeExpectedError: Could not find pty on pty host
stack trace: CodeExpectedError: Could not find pty on pty host
    at d._throwIfNoPty (/home/eselidze2/.vscode-server/bin/6261075646f055b99068d3688932416f2346dd3b/out/vs/platform/terminal/node/ptyHostMain.js:27:7199)
    at d.updateTitle (/home/eselidze2/.vscode-server/bin/6261075646f055b99068d3688932416f2346dd3b/out/vs/platform/terminal/node/ptyHostMain.js:27:2931)
    at Object.call (/home/eselidze2/.vscode-server/bin/6261075646f055b99068d3688932416f2346dd3b/out/vs/platform/terminal/node/ptyHostMain.js:17:5858)
    at s.onPromise (/home/eselidze2/.vscode-server/bin/6261075646f055b99068d3688932416f2346dd3b/out/vs/platform/terminal/node/ptyHostMain.js:15:5833)
    at s.onRawMessage (/home/eselidze2/.vscode-server/bin/6261075646f055b99068d3688932416f2346dd3b/out/vs/platform/terminal/node/ptyHostMain.js:15:5216)
    at /home/eselidze2/.vscode-server/bin/6261075646f055b99068d3688932416f2346dd3b/out/vs/platform/terminal/node/ptyHostMain.js:15:4502
    at r.invoke (/home/eselidze2/.vscode-server/bin/6261075646f055b99068d3688932416f2346dd3b/out/vs/platform/terminal/node/ptyHostMain.js:11:145)
    at P.deliver (/home/eselidze2/.vscode-server/bin/6261075646f055b99068d3688932416f2346dd3b/out/vs/platform/terminal/node/ptyHostMain.js:11:2275)
    at w.fire (/home/eselidze2/.vscode-server/bin/6261075646f055b99068d3688932416f2346dd3b/out/vs/platform/terminal/node/ptyHostMain.js:11:1853)
    at process.M (/home/eselidze2/.vscode-server/bin/6261075646f055b99068d3688932416f2346dd3b/out/vs/platform/terminal/node/ptyHostMain.js:9:21066)
    at process.emit (node:events:526:28)
    at emit (node:internal/child_process:938:14)
    at processTicksAndRejections (node:internal/process/task_queues:84:21)
[22:10:32] Error [CodeExpectedError]: Could not find pty on pty host
    at d._throwIfNoPty (/home/eselidze2/.vscode-server/bin/6261075646f055b99068d3688932416f2346dd3b/out/vs/platform/terminal/node/ptyHostMain.js:27:7199)
    at d.updateTitle (/home/eselidze2/.vscode-server/bin/6261075646f055b99068d3688932416f2346dd3b/out/vs/platform/terminal/node/ptyHostMain.js:27:2931)
    at Object.call (/home/eselidze2/.vscode-server/bin/6261075646f055b99068d3688932416f2346dd3b/out/vs/platform/terminal/node/ptyHostMain.js:17:5858)
    at s.onPromise (/home/eselidze2/.vscode-server/bin/6261075646f055b99068d3688932416f2346dd3b/out/vs/platform/terminal/node/ptyHostMain.js:15:5833)
    at s.onRawMessage (/home/eselidze2/.vscode-server/bin/6261075646f055b99068d3688932416f2346dd3b/out/vs/platform/terminal/node/ptyHostMain.js:15:5216)
    at /home/eselidze2/.vscode-server/bin/6261075646f055b99068d3688932416f2346dd3b/out/vs/platform/terminal/node/ptyHostMain.js:15:4502
    at r.invoke (/home/eselidze2/.vscode-server/bin/6261075646f055b99068d3688932416f2346dd3b/out/vs/platform/terminal/node/ptyHostMain.js:11:145)
    at P.deliver (/home/eselidze2/.vscode-server/bin/6261075646f055b99068d3688932416f2346dd3b/out/vs/platform/terminal/node/ptyHostMain.js:11:2275)
    at w.fire (/home/eselidze2/.vscode-server/bin/6261075646f055b99068d3688932416f2346dd3b/out/vs/platform/terminal/node/ptyHostMain.js:11:1853)
    at process.M (/home/eselidze2/.vscode-server/bin/6261075646f055b99068d3688932416f2346dd3b/out/vs/platform/terminal/node/ptyHostMain.js:9:21066)
    at process.emit (node:events:526:28)
    at emit (node:internal/child_process:938:14)
    at processTicksAndRejections (node:internal/process/task_queues:84:21)
[22:11:14] [127.0.0.1][d24b042b][ManagementConnection] New connection established.
[22:11:14] [127.0.0.1][922de0fb][ExtensionHostConnection] New connection established.
[22:11:14] [127.0.0.1][922de0fb][ExtensionHostConnection] <1773> Launched Extension Host Process.
[IPC Library: Pty Host]  WARN Shell integration cannot be enabled for executable "/bin/sh" and args [
  '-c',
  'ln -f -s "/tmp/ssh-XXXXyL5iul/agent.1353" "/run/user/1000/vscode-ssh-auth-sock-440202360"\n' +
    'exit 0'
]
[IPC Library: Pty Host]  WARN Shell integration cannot be enabled for executable "/bin/sh" and args [
  '-c',
  'wget --version > /dev/null\n' +
    'if [ $? -eq 0 ]\n' +
    'then\n' +
    "\twget --connect-timeout=7 --tries=1 --dns-timeout=7 -q --header='Metadata:true' -O - http://169.254.169.254/metadata/instance?api-version=2019-03-11\n" +
    'else\n' +
    '\tcurl --version > /dev/null\n' +
    '\tif [ $? -eq 0 ]\n' +
    '\tthen\n' +
    "\t\tcurl --connect-timeout 7 -s --header='Metadata:true' http://169.254.169.254/metadata/instance?api-version=2019-03-11\n" +
    '\tfi\n' +
    'fi\n' +
    'exit 0'
]
[IPC Library: Pty Host]  WARN Shell integration cannot be enabled for executable "/bin/sh" and args [
  '-c',
  'wget --version > /dev/null\n' +
    'if [ $? -eq 0 ]\n' +
    'then\n' +
    '\twget --connect-timeout=7 --tries=1 --dns-timeout=7 -q  -O - http://169.254.169.254/latest/meta-data/instance-id\n' +
    'else\n' +
    '\tcurl --version > /dev/null\n' +
    '\tif [ $? -eq 0 ]\n' +
    '\tthen\n' +
    '\t\tcurl --connect-timeout 7 -s  http://169.254.169.254/latest/meta-data/instance-id\n' +
    '\tfi\n' +
    'fi\n' +
    'exit 0'
]
[IPC Library: Pty Host]  WARN Shell integration cannot be enabled for executable "/bin/sh" and args [
  '-c',
  'wget --version > /dev/null\n' +
    'if [ $? -eq 0 ]\n' +
    'then\n' +
    '\twget --connect-timeout=7 --tries=1 --dns-timeout=7 -q  -O - http://169.254.169.254/metadata/v1/id\n' +
    'else\n' +
    '\tcurl --version > /dev/null\n' +
    '\tif [ $? -eq 0 ]\n' +
    '\tthen\n' +
    '\t\tcurl --connect-timeout 7 -s  http://169.254.169.254/metadata/v1/id\n' +
    '\tfi\n' +
    'fi\n' +
    'exit 0'
]
[IPC Library: Pty Host]  WARN Shell integration cannot be enabled for executable "/bin/sh" and args [
  '-c',
  'wget --version > /dev/null\n' +
    'if [ $? -eq 0 ]\n' +
    'then\n' +
    "\twget --connect-timeout=7 --tries=1 --dns-timeout=7 -q --header='Metadata-Flavor:Google' -O - http://metadata.google.internal/computeMetadata/v1/instance/id\n" +
    'else\n' +
    '\tcurl --version > /dev/null\n' +
    '\tif [ $? -eq 0 ]\n' +
    '\tthen\n' +
    "\t\tcurl --connect-timeout 7 -s --header='Metadata-Flavor:Google' http://metadata.google.internal/computeMetadata/v1/instance/id\n" +
    '\tfi\n' +
    'fi\n' +
    'exit 0'
]
